{"level":"info","message":"Server is running on port 8000"}
{"level":"info","message":"Server is running on port 8000"}
{"level":"info","message":"Server is running on port 8000"}
undefined
{"level":"info","message":"Server is running on port 8000"}
{"level":"info","message":"Server is running on port 8000"}
{"level":"info","message":"Server is running on port 8000"}
{"level":"info","message":"Server is running on port 8000"}
{"level":"info","message":"Server is running on port 8000"}
{"level":"info","message":"Server is running on port 8000"}
{"level":"error","message":"error"}
{"level":"info","message":"Server is running on port 8000"}
{"level":"info","message":"Server is running on port 8000"}
{"level":"info","message":{"path":"/","root":"/auth"}}
{"level":"info","message":"Server is running on port 8000"}
{"level":"info","message":{"path":"/","router":"/auth"}}
{"level":"info","message":"Server is running on port 8000"}
{"level":"info","message":"Server is running on port 8000"}
{"level":"info","message":"Server is running on port 8000"}
{"level":"info","message":"Server is running on port 8000"}
{"level":"info","message":"Server is running on port 8000"}
{"level":"info","message":"Server is running on port 8000"}
{"level":"info","message":"Server is running on port 8000"}
{"level":"info","message":"Server is running on port 8000"}
{"level":"info","message":"Server is running on port 8000"}
{"level":"info","message":"Server is running on port 8000"}
{"level":"info","message":{"path":"/","router":"/auth"}}
{"level":"info","message":"Server is running on port 8000"}
{"level":"info","message":"Server is running on port 8000"}
{"level":"info","message":"Server is running on port 8000"}
{"level":"info","message":"Server is running on port 8000"}
{"level":"error","message":"Unexpected token s in JSON at position 95"}
